2019-01-08 16:57:53,517 - __main__ - INFO - start extracting data from file: ../samples/82754-8238_results.tgz
2019-01-08 16:57:53,691 - __main__ - INFO - end extracting
2019-01-08 16:57:53,692 - __main__ - INFO - start extracting data from file: ../samples/82754-8238_results.tgz
2019-01-08 16:57:53,871 - __main__ - INFO - end extracting
2019-01-08 16:57:53,872 - __main__ - INFO - start extracting data from file: ../samples/82754-8238_results.tgz
2019-01-08 16:57:54,015 - __main__ - INFO - end extracting
2019-01-08 16:57:54,016 - __main__ - INFO - start extracting data from file: ../samples/82754-8238_results.tgz
2019-01-08 16:57:54,174 - __main__ - INFO - end extracting
2019-01-08 16:57:54,175 - __main__ - INFO - start extracting data from file: ../samples/82754-8238_results.tgz
2019-01-08 16:57:54,307 - __main__ - ERROR - Data mismatch in:82754-8238_results/14_configuration.txt
2019-01-08 16:57:54,308 - __main__ - INFO - end extracting
2019-01-08 16:57:54,309 - __main__ - INFO - start extracting data from file: ../samples/82754-8238_results.tgz
2019-01-08 16:57:54,553 - __main__ - INFO - end extracting
2019-01-08 16:57:54,554 - __main__ - INFO - start extracting data from file: ../samples/82754-8238_results.tgz
2019-01-08 16:57:54,687 - __main__ - INFO - end extracting
2019-01-08 16:57:54,687 - __main__ - INFO - start extracting data from file: ../samples/82754-8238_results.tgz
2019-01-08 16:57:54,835 - __main__ - INFO - end extracting
2019-01-08 16:57:54,836 - __main__ - INFO - start extracting data from file: ../samples/82754-8238_results.tgz
2019-01-08 16:57:54,997 - __main__ - INFO - end extracting
2019-01-08 16:57:54,998 - __main__ - INFO - start extracting data from file: ../samples/82754-8238_results.tgz
2019-01-08 16:57:55,148 - __main__ - INFO - end extracting
2019-01-08 16:57:55,149 - __main__ - INFO - start extracting data from file: ../samples/82754-8238_results.tgz
2019-01-08 16:57:55,283 - __main__ - INFO - end extracting
2019-01-08 16:57:55,283 - __main__ - INFO - start extracting data from file: ../samples/82754-8238_results.tgz
2019-01-08 16:57:55,425 - __main__ - INFO - end extracting
2019-01-08 16:57:55,426 - __main__ - INFO - start extracting data from file: ../samples/82754-8238_results.tgz
2019-01-08 16:57:55,564 - __main__ - INFO - end extracting
2019-01-08 16:57:55,565 - __main__ - INFO - start extracting data from file: ../samples/82754-8238_results.tgz
2019-01-08 16:57:55,714 - __main__ - INFO - end extracting
2019-01-08 16:57:55,714 - __main__ - INFO - start extracting data from file: ../samples/82754-8238_results.tgz
2019-01-08 16:57:55,851 - __main__ - INFO - end extracting
2019-01-08 16:57:55,852 - __main__ - INFO - start extracting data from file: ../samples/82754-8238_results.tgz
2019-01-08 16:57:55,998 - __main__ - INFO - end extracting
2019-01-08 16:57:55,999 - __main__ - INFO - start extracting data from file: ../samples/82754-8238_results.tgz
2019-01-08 16:57:56,135 - __main__ - INFO - end extracting
2019-01-08 16:57:56,136 - __main__ - INFO - start extracting data from file: ../samples/82754-8238_results.tgz
2019-01-08 16:57:56,279 - __main__ - INFO - end extracting
2019-01-08 16:57:56,280 - __main__ - INFO - start extracting data from file: ../samples/82754-8238_results.tgz
2019-01-08 16:57:56,412 - __main__ - INFO - end extracting
2019-01-08 16:57:56,413 - __main__ - INFO - start extracting data from file: ../samples/82754-8238_results.tgz
2019-01-08 16:57:56,584 - __main__ - INFO - end extracting
2019-01-08 16:57:56,584 - __main__ - INFO - start extracting data from file: ../samples/82754-8238_results.tgz
2019-01-08 16:57:56,736 - __main__ - INFO - end extracting
2019-01-08 16:57:56,737 - __main__ - INFO - start extracting data from file: ../samples/82754-8238_results.tgz
2019-01-08 16:57:56,908 - __main__ - INFO - end extracting
2019-01-08 16:57:56,909 - __main__ - INFO - start extracting data from file: ../samples/82754-8238_results.tgz
2019-01-08 16:57:57,051 - __main__ - INFO - end extracting
2019-01-08 16:57:57,051 - __main__ - INFO - start extracting data from file: ../samples/82754-8238_results.tgz
2019-01-08 16:57:57,202 - __main__ - INFO - end extracting
2019-01-08 16:57:57,204 - __main__ - INFO - start extracting data from file: ../samples/82754-8238_results.tgz
2019-01-08 16:57:57,667 - __main__ - INFO - end extracting
2019-01-08 16:57:57,670 - __main__ - INFO - start extracting data from file: ../samples/82754-8238_results.tgz
2019-01-08 16:57:58,113 - __main__ - INFO - end extracting
2019-01-08 16:57:58,115 - __main__ - INFO - start extracting data from file: ../samples/82754-8238_results.tgz
2019-01-08 16:57:58,359 - __main__ - INFO - end extracting
2019-01-08 16:57:58,361 - __main__ - INFO - start extracting data from file: ../samples/82754-8238_results.tgz
2019-01-08 16:57:58,511 - __main__ - INFO - end extracting
2019-01-08 16:57:58,512 - __main__ - INFO - start extracting data from file: ../samples/82754-8238_results.tgz
2019-01-08 16:57:58,736 - __main__ - INFO - end extracting
2019-01-08 16:57:58,779 - __main__ - INFO - start extracting data from file: ../samples/82753-9348_results.tgz
2019-01-08 16:57:59,078 - __main__ - INFO - end extracting
2019-01-08 16:57:59,079 - __main__ - INFO - start extracting data from file: ../samples/82753-9348_results.tgz
2019-01-08 16:57:59,214 - __main__ - INFO - end extracting
2019-01-08 16:57:59,216 - __main__ - INFO - start extracting data from file: ../samples/82753-9348_results.tgz
2019-01-08 16:57:59,348 - __main__ - INFO - end extracting
2019-01-08 16:57:59,349 - __main__ - INFO - start extracting data from file: ../samples/82753-9348_results.tgz
2019-01-08 16:57:59,696 - __main__ - INFO - end extracting
2019-01-08 16:57:59,697 - __main__ - INFO - start extracting data from file: ../samples/82753-9348_results.tgz
2019-01-08 16:57:59,972 - __main__ - INFO - end extracting
2019-01-08 16:57:59,973 - __main__ - INFO - start extracting data from file: ../samples/82753-9348_results.tgz
2019-01-08 16:58:00,345 - __main__ - INFO - end extracting
2019-01-08 16:58:00,347 - __main__ - INFO - start extracting data from file: ../samples/82753-9348_results.tgz
2019-01-08 16:58:00,528 - __main__ - INFO - end extracting
2019-01-08 16:58:00,529 - __main__ - INFO - start extracting data from file: ../samples/82753-9348_results.tgz
2019-01-08 16:58:00,662 - __main__ - ERROR - Data mismatch in:82753-9348_results/17_configuration.txt
2019-01-08 16:58:00,662 - __main__ - INFO - end extracting
2019-01-08 16:58:00,664 - __main__ - INFO - start extracting data from file: ../samples/82753-9348_results.tgz
2019-01-08 16:58:01,035 - __main__ - INFO - end extracting
2019-01-08 16:58:01,037 - __main__ - INFO - start extracting data from file: ../samples/82753-9348_results.tgz
2019-01-08 16:58:01,234 - __main__ - INFO - end extracting
2019-01-08 16:58:01,235 - __main__ - INFO - start extracting data from file: ../samples/82753-9348_results.tgz
2019-01-08 16:58:01,398 - __main__ - INFO - end extracting
2019-01-08 16:58:01,399 - __main__ - INFO - start extracting data from file: ../samples/82753-9348_results.tgz
2019-01-08 16:58:01,726 - __main__ - INFO - end extracting
2019-01-08 16:58:01,727 - __main__ - INFO - start extracting data from file: ../samples/82753-9348_results.tgz
2019-01-08 16:58:01,890 - __main__ - INFO - end extracting
2019-01-08 16:58:01,891 - __main__ - INFO - start extracting data from file: ../samples/82753-9348_results.tgz
2019-01-08 16:58:02,035 - __main__ - INFO - end extracting
2019-01-08 16:58:02,036 - __main__ - INFO - start extracting data from file: ../samples/82753-9348_results.tgz
2019-01-08 16:58:02,191 - __main__ - INFO - end extracting
2019-01-08 16:58:02,192 - __main__ - INFO - start extracting data from file: ../samples/82753-9348_results.tgz
2019-01-08 16:58:02,384 - __main__ - INFO - end extracting
2019-01-08 16:58:02,387 - __main__ - INFO - start extracting data from file: ../samples/82753-9348_results.tgz
2019-01-08 16:58:02,549 - __main__ - INFO - end extracting
2019-01-08 16:58:02,550 - __main__ - INFO - start extracting data from file: ../samples/82753-9348_results.tgz
2019-01-08 16:58:02,695 - __main__ - INFO - end extracting
2019-01-08 16:58:02,696 - __main__ - INFO - start extracting data from file: ../samples/82753-9348_results.tgz
2019-01-08 16:58:02,837 - __main__ - INFO - end extracting
2019-01-08 16:58:02,839 - __main__ - INFO - start extracting data from file: ../samples/82753-9348_results.tgz
2019-01-08 16:58:03,076 - __main__ - INFO - end extracting
2019-01-08 16:58:03,077 - __main__ - INFO - start extracting data from file: ../samples/82753-9348_results.tgz
2019-01-08 16:58:03,291 - __main__ - INFO - end extracting
2019-01-08 16:58:03,292 - __main__ - INFO - start extracting data from file: ../samples/82753-9348_results.tgz
2019-01-08 16:58:03,461 - __main__ - INFO - end extracting
2019-01-08 16:58:03,462 - __main__ - INFO - start extracting data from file: ../samples/82753-9348_results.tgz
2019-01-08 16:58:03,635 - __main__ - INFO - end extracting
2019-01-08 16:58:03,636 - __main__ - INFO - start extracting data from file: ../samples/82753-9348_results.tgz
2019-01-08 16:58:03,786 - __main__ - INFO - end extracting
2019-01-08 16:58:03,787 - __main__ - INFO - start extracting data from file: ../samples/82753-9348_results.tgz
2019-01-08 16:58:03,928 - __main__ - INFO - end extracting
2019-01-08 16:58:03,929 - __main__ - INFO - start extracting data from file: ../samples/82753-9348_results.tgz
2019-01-08 16:58:04,082 - __main__ - INFO - end extracting
2019-01-08 16:58:04,083 - __main__ - INFO - start extracting data from file: ../samples/82753-9348_results.tgz
2019-01-08 16:58:04,239 - __main__ - INFO - end extracting
2019-01-08 16:58:04,240 - __main__ - INFO - start extracting data from file: ../samples/82753-9348_results.tgz
2019-01-08 16:58:04,377 - __main__ - INFO - end extracting
2019-01-08 16:58:04,378 - __main__ - INFO - start extracting data from file: ../samples/82753-9348_results.tgz
2019-01-08 16:58:04,526 - __main__ - INFO - end extracting
2019-01-08 16:58:08,752 - __main__ - INFO - start extracting data from file: ../samples/82754-8238_results.tgz
2019-01-08 16:58:08,917 - __main__ - INFO - end extracting
2019-01-08 16:58:08,918 - __main__ - INFO - start extracting data from file: ../samples/82754-8238_results.tgz
2019-01-08 16:58:09,078 - __main__ - INFO - end extracting
2019-01-08 16:58:09,079 - __main__ - INFO - start extracting data from file: ../samples/82754-8238_results.tgz
2019-01-08 16:58:09,220 - __main__ - INFO - end extracting
2019-01-08 16:58:09,221 - __main__ - INFO - start extracting data from file: ../samples/82754-8238_results.tgz
2019-01-08 16:58:09,379 - __main__ - INFO - end extracting
2019-01-08 16:58:09,380 - __main__ - INFO - start extracting data from file: ../samples/82754-8238_results.tgz
2019-01-08 16:58:09,550 - __main__ - ERROR - Data mismatch in:82754-8238_results/14_configuration.txt
2019-01-08 16:58:09,551 - __main__ - INFO - end extracting
2019-01-08 16:58:09,552 - __main__ - INFO - start extracting data from file: ../samples/82754-8238_results.tgz
2019-01-08 16:58:09,706 - __main__ - INFO - end extracting
2019-01-08 16:58:09,707 - __main__ - INFO - start extracting data from file: ../samples/82754-8238_results.tgz
2019-01-08 16:58:09,852 - __main__ - INFO - end extracting
2019-01-08 16:58:09,853 - __main__ - INFO - start extracting data from file: ../samples/82754-8238_results.tgz
2019-01-08 16:58:10,020 - __main__ - INFO - end extracting
2019-01-08 16:58:10,022 - __main__ - INFO - start extracting data from file: ../samples/82754-8238_results.tgz
2019-01-08 16:58:10,172 - __main__ - INFO - end extracting
2019-01-08 16:58:10,173 - __main__ - INFO - start extracting data from file: ../samples/82754-8238_results.tgz
2019-01-08 16:58:10,346 - __main__ - INFO - end extracting
2019-01-08 16:58:10,347 - __main__ - INFO - start extracting data from file: ../samples/82754-8238_results.tgz
2019-01-08 16:58:10,519 - __main__ - INFO - end extracting
2019-01-08 16:58:10,520 - __main__ - INFO - start extracting data from file: ../samples/82754-8238_results.tgz
2019-01-08 16:58:10,691 - __main__ - INFO - end extracting
2019-01-08 16:58:10,692 - __main__ - INFO - start extracting data from file: ../samples/82754-8238_results.tgz
2019-01-08 16:58:10,868 - __main__ - INFO - end extracting
2019-01-08 16:58:10,870 - __main__ - INFO - start extracting data from file: ../samples/82754-8238_results.tgz
2019-01-08 16:58:11,015 - __main__ - INFO - end extracting
2019-01-08 16:58:11,016 - __main__ - INFO - start extracting data from file: ../samples/82754-8238_results.tgz
2019-01-08 16:58:11,170 - __main__ - INFO - end extracting
2019-01-08 16:58:11,171 - __main__ - INFO - start extracting data from file: ../samples/82754-8238_results.tgz
2019-01-08 16:58:11,326 - __main__ - INFO - end extracting
2019-01-08 16:58:11,326 - __main__ - INFO - start extracting data from file: ../samples/82754-8238_results.tgz
2019-01-08 16:58:11,473 - __main__ - INFO - end extracting
2019-01-08 16:58:11,473 - __main__ - INFO - start extracting data from file: ../samples/82754-8238_results.tgz
2019-01-08 16:58:11,626 - __main__ - INFO - end extracting
2019-01-08 16:58:11,627 - __main__ - INFO - start extracting data from file: ../samples/82754-8238_results.tgz
2019-01-08 16:58:11,796 - __main__ - INFO - end extracting
2019-01-08 16:58:11,797 - __main__ - INFO - start extracting data from file: ../samples/82754-8238_results.tgz
2019-01-08 16:58:11,981 - __main__ - INFO - end extracting
2019-01-08 16:58:11,982 - __main__ - INFO - start extracting data from file: ../samples/82754-8238_results.tgz
2019-01-08 16:58:12,164 - __main__ - INFO - end extracting
2019-01-08 16:58:12,165 - __main__ - INFO - start extracting data from file: ../samples/82754-8238_results.tgz
2019-01-08 16:58:12,349 - __main__ - INFO - end extracting
2019-01-08 16:58:12,350 - __main__ - INFO - start extracting data from file: ../samples/82754-8238_results.tgz
2019-01-08 16:58:12,534 - __main__ - INFO - end extracting
2019-01-08 16:58:12,535 - __main__ - INFO - start extracting data from file: ../samples/82754-8238_results.tgz
2019-01-08 16:58:12,718 - __main__ - INFO - end extracting
2019-01-08 16:58:12,719 - __main__ - INFO - start extracting data from file: ../samples/82754-8238_results.tgz
2019-01-08 16:58:12,898 - __main__ - INFO - end extracting
2019-01-08 16:58:12,899 - __main__ - INFO - start extracting data from file: ../samples/82754-8238_results.tgz
2019-01-08 16:58:13,056 - __main__ - INFO - end extracting
2019-01-08 16:58:13,057 - __main__ - INFO - start extracting data from file: ../samples/82754-8238_results.tgz
2019-01-08 16:58:13,204 - __main__ - INFO - end extracting
2019-01-08 16:58:13,204 - __main__ - INFO - start extracting data from file: ../samples/82754-8238_results.tgz
2019-01-08 16:58:13,366 - __main__ - INFO - end extracting
2019-01-08 16:58:13,367 - __main__ - INFO - start extracting data from file: ../samples/82754-8238_results.tgz
2019-01-08 16:58:13,542 - __main__ - INFO - end extracting
2019-01-08 16:58:13,581 - __main__ - INFO - start extracting data from file: ../samples/82753-9348_results.tgz
2019-01-08 16:58:13,733 - __main__ - INFO - end extracting
2019-01-08 16:58:13,734 - __main__ - INFO - start extracting data from file: ../samples/82753-9348_results.tgz
2019-01-08 16:58:13,909 - __main__ - INFO - end extracting
2019-01-08 16:58:13,911 - __main__ - INFO - start extracting data from file: ../samples/82753-9348_results.tgz
2019-01-08 16:58:14,074 - __main__ - INFO - end extracting
2019-01-08 16:58:14,074 - __main__ - INFO - start extracting data from file: ../samples/82753-9348_results.tgz
2019-01-08 16:58:14,223 - __main__ - INFO - end extracting
2019-01-08 16:58:14,224 - __main__ - INFO - start extracting data from file: ../samples/82753-9348_results.tgz
2019-01-08 16:58:14,373 - __main__ - INFO - end extracting
2019-01-08 16:58:14,374 - __main__ - INFO - start extracting data from file: ../samples/82753-9348_results.tgz
2019-01-08 16:58:14,520 - __main__ - INFO - end extracting
2019-01-08 16:58:14,521 - __main__ - INFO - start extracting data from file: ../samples/82753-9348_results.tgz
2019-01-08 16:58:14,667 - __main__ - INFO - end extracting
2019-01-08 16:58:14,669 - __main__ - INFO - start extracting data from file: ../samples/82753-9348_results.tgz
2019-01-08 16:58:14,810 - __main__ - ERROR - Data mismatch in:82753-9348_results/17_configuration.txt
2019-01-08 16:58:14,811 - __main__ - INFO - end extracting
2019-01-08 16:58:14,811 - __main__ - INFO - start extracting data from file: ../samples/82753-9348_results.tgz
2019-01-08 16:58:14,965 - __main__ - INFO - end extracting
2019-01-08 16:58:14,966 - __main__ - INFO - start extracting data from file: ../samples/82753-9348_results.tgz
2019-01-08 16:58:15,111 - __main__ - INFO - end extracting
2019-01-08 16:58:15,112 - __main__ - INFO - start extracting data from file: ../samples/82753-9348_results.tgz
2019-01-08 16:58:15,290 - __main__ - INFO - end extracting
2019-01-08 16:58:15,291 - __main__ - INFO - start extracting data from file: ../samples/82753-9348_results.tgz
2019-01-08 16:58:15,486 - __main__ - INFO - end extracting
2019-01-08 16:58:15,492 - __main__ - INFO - start extracting data from file: ../samples/82753-9348_results.tgz
2019-01-08 16:58:15,659 - __main__ - INFO - end extracting
2019-01-08 16:58:15,660 - __main__ - INFO - start extracting data from file: ../samples/82753-9348_results.tgz
2019-01-08 16:58:15,843 - __main__ - INFO - end extracting
2019-01-08 16:58:15,844 - __main__ - INFO - start extracting data from file: ../samples/82753-9348_results.tgz
2019-01-08 16:58:16,030 - __main__ - INFO - end extracting
2019-01-08 16:58:16,031 - __main__ - INFO - start extracting data from file: ../samples/82753-9348_results.tgz
2019-01-08 16:58:16,218 - __main__ - INFO - end extracting
2019-01-08 16:58:16,219 - __main__ - INFO - start extracting data from file: ../samples/82753-9348_results.tgz
2019-01-08 16:58:16,370 - __main__ - INFO - end extracting
2019-01-08 16:58:16,371 - __main__ - INFO - start extracting data from file: ../samples/82753-9348_results.tgz
2019-01-08 16:58:16,551 - __main__ - INFO - end extracting
2019-01-08 16:58:16,552 - __main__ - INFO - start extracting data from file: ../samples/82753-9348_results.tgz
2019-01-08 16:58:16,710 - __main__ - INFO - end extracting
2019-01-08 16:58:16,711 - __main__ - INFO - start extracting data from file: ../samples/82753-9348_results.tgz
2019-01-08 16:58:16,885 - __main__ - INFO - end extracting
2019-01-08 16:58:16,886 - __main__ - INFO - start extracting data from file: ../samples/82753-9348_results.tgz
2019-01-08 16:58:17,062 - __main__ - INFO - end extracting
2019-01-08 16:58:17,063 - __main__ - INFO - start extracting data from file: ../samples/82753-9348_results.tgz
2019-01-08 16:58:17,221 - __main__ - INFO - end extracting
2019-01-08 16:58:17,222 - __main__ - INFO - start extracting data from file: ../samples/82753-9348_results.tgz
2019-01-08 16:58:17,394 - __main__ - INFO - end extracting
2019-01-08 16:58:17,395 - __main__ - INFO - start extracting data from file: ../samples/82753-9348_results.tgz
2019-01-08 16:58:17,581 - __main__ - INFO - end extracting
2019-01-08 16:58:17,582 - __main__ - INFO - start extracting data from file: ../samples/82753-9348_results.tgz
2019-01-08 16:58:17,737 - __main__ - INFO - end extracting
2019-01-08 16:58:17,738 - __main__ - INFO - start extracting data from file: ../samples/82753-9348_results.tgz
2019-01-08 16:58:17,885 - __main__ - INFO - end extracting
2019-01-08 16:58:17,886 - __main__ - INFO - start extracting data from file: ../samples/82753-9348_results.tgz
2019-01-08 16:58:18,036 - __main__ - INFO - end extracting
2019-01-08 16:58:18,037 - __main__ - INFO - start extracting data from file: ../samples/82753-9348_results.tgz
2019-01-08 16:58:18,203 - __main__ - INFO - end extracting
2019-01-08 16:58:18,205 - __main__ - INFO - start extracting data from file: ../samples/82753-9348_results.tgz
2019-01-08 16:58:18,383 - __main__ - INFO - end extracting
2019-01-08 17:07:14,486 - __main__ - INFO - start extracting data from file: ../samples/82754-8238_results.tgz
2019-01-08 17:07:19,776 - __main__ - INFO - end extracting
2019-01-08 17:07:19,796 - __main__ - INFO - start extracting data from file: ../samples/82753-9348_results.tgz
2019-01-08 17:07:23,887 - __main__ - INFO - end extracting
2019-01-08 17:21:15,943 - __main__ - INFO - start extracting data from file: ../samples/82754-8238_results.tgz
2019-01-08 17:21:19,174 - __main__ - INFO - end extracting
2019-01-08 17:21:19,195 - __main__ - INFO - start extracting data from file: ../samples/82753-9348_results.tgz
2019-01-08 17:21:22,411 - __main__ - INFO - end extracting
2019-01-08 17:27:38,299 - __main__ - INFO - start extracting data from file: ../samples/82754-8238_results.tgz
2019-01-08 17:27:41,601 - __main__ - INFO - end extracting
2019-01-08 17:27:41,612 - __main__ - INFO - start extracting data from file: ../samples/82753-9348_results.tgz
2019-01-08 17:27:44,873 - __main__ - INFO - end extracting
2019-01-09 11:13:13,083 - __main__ - INFO - START THE PROGRAMM
2019-01-09 11:14:26,328 - __main__ - INFO - START THE PROGRAMM
2019-01-09 11:18:21,525 - __main__ - INFO - START THE PROGRAMM
2019-01-09 11:18:21,599 - __main__ - INFO - start extracting data from file: ../data/81116-3060_results.tgz
2019-01-09 11:18:21,604 - __main__ - INFO - start extracting data from file: ../data/81116-3008_results.tgz
2019-01-09 11:18:28,691 - __main__ - INFO - end extracting
2019-01-09 11:18:28,784 - __main__ - INFO - end extracting
2019-01-09 11:18:28,796 - __main__ - INFO - start extracting data from file: ../data/81116-3085_results.tgz
2019-01-09 11:18:29,244 - __main__ - INFO - start extracting data from file: ../data/81116-304_results.tgz
2019-01-09 11:18:35,756 - __main__ - INFO - end extracting
2019-01-09 11:18:35,985 - __main__ - INFO - end extracting
2019-01-09 11:18:35,987 - __main__ - INFO - start extracting data from file: ../data/81116-3078_results.tgz
2019-01-09 11:18:36,498 - __main__ - INFO - start extracting data from file: ../data/81116-3010_results.tgz
2019-01-09 11:24:52,138 - __main__ - INFO - START THE PROGRAMM
2019-01-09 11:24:52,218 - __main__ - INFO - start extracting data from file: ../data/81116-3008_results.tgz
2019-01-09 11:24:52,223 - __main__ - INFO - start extracting data from file: ../data/81116-3060_results.tgz
2019-01-09 11:24:59,310 - __main__ - INFO - end extracting
2019-01-09 11:24:59,317 - __main__ - INFO - end extracting
2019-01-09 11:24:59,426 - __main__ - INFO - start extracting data from file: ../data/81116-304_results.tgz
2019-01-09 11:24:59,455 - __main__ - INFO - start extracting data from file: ../data/81116-3085_results.tgz
2019-01-09 11:25:06,461 - __main__ - INFO - end extracting
2019-01-09 11:25:06,505 - __main__ - INFO - end extracting
2019-01-09 11:25:06,519 - __main__ - INFO - start extracting data from file: ../data/81116-3010_results.tgz
2019-01-09 11:25:07,007 - __main__ - INFO - start extracting data from file: ../data/81116-3078_results.tgz
2019-01-09 11:25:13,492 - __main__ - INFO - end extracting
2019-01-09 11:25:13,694 - __main__ - INFO - end extracting
2019-01-09 11:25:13,699 - __main__ - INFO - start extracting data from file: ../data/81116-3022_results.tgz
2019-01-09 11:25:14,150 - __main__ - INFO - start extracting data from file: ../data/81116-3026_results.tgz
2019-01-09 11:25:20,708 - __main__ - INFO - end extracting
2019-01-09 11:25:20,906 - __main__ - INFO - end extracting
2019-01-09 11:25:20,912 - __main__ - INFO - start extracting data from file: ../data/81116-3052_results.tgz
2019-01-09 11:25:21,427 - __main__ - INFO - start extracting data from file: ../data/81116-3056_results.tgz
2019-01-09 11:25:27,711 - __main__ - INFO - end extracting
2019-01-09 11:25:27,981 - __main__ - INFO - start extracting data from file: ../data/82308-1547_results.tgz
2019-01-09 11:25:28,064 - __main__ - INFO - end extracting
2019-01-09 11:25:28,569 - __main__ - INFO - start extracting data from file: ../data/81116-3064_results.tgz
2019-01-09 11:25:34,974 - __main__ - INFO - end extracting
2019-01-09 11:25:35,230 - __main__ - INFO - end extracting
2019-01-09 11:25:35,234 - __main__ - INFO - start extracting data from file: ../data/81116-3081_results.tgz
2019-01-09 11:25:35,822 - __main__ - INFO - start extracting data from file: ../data/81116-300_results.tgz
2019-01-09 11:25:42,915 - __main__ - INFO - end extracting
2019-01-09 11:25:43,286 - __main__ - INFO - start extracting data from file: ../data/81116-3019_results.tgz
2019-01-09 11:25:43,572 - __main__ - INFO - end extracting
2019-01-09 11:25:44,082 - __main__ - INFO - start extracting data from file: ../data/81116-3099_results.tgz
2019-01-09 11:25:50,641 - __main__ - INFO - end extracting
2019-01-09 11:25:50,953 - __main__ - INFO - start extracting data from file: ../data/81116-3094_results.tgz
2019-01-09 11:25:50,983 - __main__ - INFO - end extracting
2019-01-09 11:25:51,778 - __main__ - INFO - start extracting data from file: ../data/81116-3014_results.tgz
2019-01-09 11:25:58,220 - __main__ - INFO - end extracting
2019-01-09 11:25:58,553 - __main__ - INFO - start extracting data from file: ../data/81116-3069_results.tgz
2019-01-09 11:25:58,575 - __main__ - INFO - end extracting
2019-01-09 11:25:59,153 - __main__ - INFO - start extracting data from file: ../data/81116-3071_results.tgz
2019-01-09 11:26:05,471 - __main__ - INFO - end extracting
2019-01-09 11:26:05,850 - __main__ - INFO - end extracting
2019-01-09 11:26:05,851 - __main__ - INFO - start extracting data from file: ../data/81116-3037_results.tgz
2019-01-09 11:26:06,296 - __main__ - INFO - start extracting data from file: ../data/81116-3001_results.tgz
2019-01-09 11:26:13,362 - __main__ - INFO - end extracting
2019-01-09 11:26:13,554 - __main__ - INFO - end extracting
2019-01-09 11:26:13,560 - __main__ - INFO - start extracting data from file: ../data/81116-3047_results.tgz
2019-01-09 11:26:14,284 - __main__ - INFO - start extracting data from file: ../data/81116-3033_results.tgz
2019-01-09 11:26:20,745 - __main__ - INFO - end extracting
2019-01-09 11:26:21,053 - __main__ - INFO - start extracting data from file: ../data/81116-3075_results.tgz
2019-01-09 11:26:21,437 - __main__ - INFO - end extracting
2019-01-09 11:26:21,919 - __main__ - INFO - start extracting data from file: ../data/81116-3043_results.tgz
2019-01-09 11:26:27,985 - __main__ - INFO - end extracting
2019-01-09 11:26:28,313 - __main__ - INFO - start extracting data from file: ../data/81116-3088_results.tgz
2019-01-09 11:26:28,943 - __main__ - INFO - end extracting
2019-01-09 11:26:29,499 - __main__ - INFO - start extracting data from file: ../data/81116-3090_results.tgz
2019-01-09 11:26:34,964 - __main__ - INFO - end extracting
2019-01-09 11:26:35,279 - __main__ - INFO - start extracting data from file: ../data/81116-3005_results.tgz
2019-01-09 11:26:36,688 - __main__ - INFO - end extracting
2019-01-09 11:26:37,118 - __main__ - INFO - start extracting data from file: ../data/81116-309_results.tgz
2019-01-09 11:26:42,131 - __main__ - INFO - end extracting
2019-01-09 11:26:42,480 - __main__ - INFO - start extracting data from file: ../data/81116-3042_results.tgz
2019-01-09 11:26:43,630 - __main__ - INFO - end extracting
2019-01-09 11:26:44,174 - __main__ - INFO - start extracting data from file: ../data/81116-3004_results.tgz
2019-01-09 11:26:49,669 - __main__ - INFO - end extracting
2019-01-09 11:26:50,072 - __main__ - INFO - start extracting data from file: ../data/81116-3032_results.tgz
2019-01-09 11:26:50,595 - __main__ - INFO - end extracting
2019-01-09 11:26:51,000 - __main__ - INFO - start extracting data from file: ../data/81116-3089_results.tgz
2019-01-09 11:26:57,253 - __main__ - INFO - end extracting
2019-01-09 11:26:57,550 - __main__ - INFO - start extracting data from file: ../data/81116-308_results.tgz
2019-01-09 11:26:57,633 - __main__ - INFO - end extracting
2019-01-09 11:26:58,147 - __main__ - INFO - start extracting data from file: ../data/81116-3074_results.tgz
2019-01-09 11:27:04,432 - __main__ - INFO - end extracting
2019-01-09 11:27:04,724 - __main__ - INFO - end extracting
2019-01-09 11:27:04,727 - __main__ - INFO - start extracting data from file: ../data/81116-3091_results.tgz
2019-01-09 11:27:05,511 - __main__ - INFO - start extracting data from file: ../data/81116-3068_results.tgz
2019-01-09 11:27:11,717 - __main__ - INFO - end extracting
2019-01-09 11:27:12,058 - __main__ - INFO - end extracting
2019-01-09 11:27:12,059 - __main__ - INFO - start extracting data from file: ../data/81116-3000_results.tgz
2019-01-09 11:27:12,607 - __main__ - INFO - start extracting data from file: ../data/81116-3095_results.tgz
2019-01-09 11:27:18,898 - __main__ - INFO - end extracting
2019-01-09 11:27:19,287 - __main__ - INFO - start extracting data from file: ../data/81116-3070_results.tgz
2019-01-09 11:27:19,912 - __main__ - INFO - end extracting
2019-01-09 11:27:20,371 - __main__ - INFO - start extracting data from file: ../data/81116-3018_results.tgz
2019-01-09 11:27:26,028 - __main__ - INFO - end extracting
2019-01-09 11:27:26,595 - __main__ - INFO - start extracting data from file: ../data/81116-3015_results.tgz
2019-01-09 11:27:26,955 - __main__ - INFO - end extracting
2019-01-09 11:27:27,431 - __main__ - INFO - start extracting data from file: ../data/81116-3046_results.tgz
2019-01-09 11:27:33,442 - __main__ - INFO - end extracting
2019-01-09 11:27:33,736 - __main__ - INFO - start extracting data from file: ../data/81116-3098_results.tgz
2019-01-09 11:27:34,133 - __main__ - INFO - end extracting
2019-01-09 11:27:34,690 - __main__ - INFO - start extracting data from file: ../data/81116-3036_results.tgz
2019-01-09 11:27:40,703 - __main__ - INFO - end extracting
2019-01-09 11:27:41,108 - __main__ - INFO - start extracting data from file: ../data/81116-301_results.tgz
2019-01-09 11:27:41,328 - __main__ - INFO - end extracting
2019-01-09 11:27:41,780 - __main__ - INFO - start extracting data from file: ../data/81116-3053_results.tgz
2019-01-09 11:27:48,001 - __main__ - INFO - end extracting
2019-01-09 11:27:48,346 - __main__ - INFO - end extracting
2019-01-09 11:27:48,347 - __main__ - INFO - start extracting data from file: ../data/81116-3065_results.tgz
2019-01-09 11:27:48,859 - __main__ - INFO - start extracting data from file: ../data/81116-3023_results.tgz
2019-01-09 11:27:55,154 - __main__ - INFO - end extracting
2019-01-09 11:27:55,443 - __main__ - INFO - end extracting
2019-01-09 11:27:55,445 - __main__ - INFO - start extracting data from file: ../data/81116-3079_results.tgz
2019-01-09 11:27:55,964 - __main__ - INFO - start extracting data from file: ../data/81116-3080_results.tgz
2019-01-09 11:28:02,368 - __main__ - INFO - end extracting
2019-01-09 11:28:02,715 - __main__ - INFO - end extracting
2019-01-09 11:28:02,717 - __main__ - INFO - start extracting data from file: ../data/81116-3084_results.tgz
2019-01-09 11:28:03,260 - __main__ - INFO - start extracting data from file: ../data/81116-3011_results.tgz
2019-01-09 11:28:09,617 - __main__ - INFO - end extracting
2019-01-09 11:28:09,896 - __main__ - INFO - start extracting data from file: ../data/81116-3009_results.tgz
2019-01-09 11:28:09,975 - __main__ - INFO - end extracting
2019-01-09 11:28:10,450 - __main__ - INFO - start extracting data from file: ../data/81116-305_results.tgz
2019-01-09 11:28:16,854 - __main__ - INFO - end extracting
2019-01-09 11:28:17,225 - __main__ - INFO - end extracting
2019-01-09 11:28:17,226 - __main__ - INFO - start extracting data from file: ../data/81116-3057_results.tgz
2019-01-09 11:28:17,731 - __main__ - INFO - start extracting data from file: ../data/81116-3061_results.tgz
2019-01-09 11:34:23,679 - __main__ - INFO - START THE PROGRAMM
2019-01-09 11:34:23,719 - __main__ - INFO - END THE PROGRAMM
2019-01-09 11:35:58,710 - __main__ - INFO - START THE PROGRAMM
2019-01-09 11:35:58,787 - __main__ - INFO - start extracting data from file: ../data/81116-3008_results.tgz
2019-01-09 11:35:58,788 - __main__ - INFO - start extracting data from file: ../data/81116-3060_results.tgz
2019-01-09 11:36:05,969 - __main__ - INFO - end extracting
2019-01-09 11:36:06,183 - __main__ - INFO - end extracting
2019-01-09 11:36:06,189 - __main__ - INFO - start extracting data from file: ../data/81116-304_results.tgz
2019-01-09 11:36:07,111 - __main__ - INFO - start extracting data from file: ../data/81116-3085_results.tgz
2019-01-09 11:36:13,097 - __main__ - INFO - end extracting
2019-01-09 11:36:13,575 - __main__ - INFO - start extracting data from file: ../data/81116-3010_results.tgz
2019-01-09 11:36:14,053 - __main__ - INFO - end extracting
2019-01-09 11:36:14,686 - __main__ - INFO - start extracting data from file: ../data/81116-3078_results.tgz
2019-01-09 11:36:20,455 - __main__ - INFO - end extracting
2019-01-09 11:36:20,878 - __main__ - INFO - start extracting data from file: ../data/81116-3022_results.tgz
2019-01-09 11:36:22,062 - __main__ - INFO - end extracting
2019-01-09 11:36:22,667 - __main__ - INFO - start extracting data from file: ../data/81116-3026_results.tgz
2019-01-09 11:36:27,866 - __main__ - INFO - end extracting
2019-01-09 11:36:42,424 - __main__ - INFO - START THE PROGRAMM
2019-01-09 11:36:42,451 - __main__ - INFO - start extracting data from file: ../data/81116-3008_results.tgz
2019-01-09 11:36:42,452 - __main__ - INFO - start extracting data from file: ../data/81116-3060_results.tgz
2019-01-09 11:36:49,670 - __main__ - INFO - end extracting
2019-01-09 11:36:49,693 - __main__ - INFO - end extracting
2019-01-09 11:36:49,713 - __main__ - INFO - start extracting data from file: ../data/81116-304_results.tgz
2019-01-09 11:36:49,921 - __main__ - INFO - start extracting data from file: ../data/81116-3085_results.tgz
2019-01-09 11:36:56,803 - __main__ - INFO - end extracting
2019-01-09 11:36:56,878 - __main__ - INFO - end extracting
2019-01-09 11:36:56,894 - __main__ - INFO - start extracting data from file: ../data/81116-3010_results.tgz
2019-01-09 11:36:57,255 - __main__ - INFO - start extracting data from file: ../data/81116-3078_results.tgz
2019-01-09 11:37:03,833 - __main__ - INFO - end extracting
2019-01-09 11:37:04,161 - __main__ - INFO - end extracting
2019-01-09 11:37:04,570 - __main__ - INFO - start extracting data from file: ../data/81116-3022_results.tgz
2019-01-09 11:37:05,074 - __main__ - INFO - start extracting data from file: ../data/81116-3026_results.tgz
2019-01-09 11:37:11,760 - __main__ - INFO - end extracting
2019-01-09 11:37:12,151 - __main__ - INFO - start extracting data from file: ../data/81116-3052_results.tgz
2019-01-09 11:37:12,729 - __main__ - INFO - end extracting
2019-01-09 11:37:13,389 - __main__ - INFO - start extracting data from file: ../data/81116-3056_results.tgz
2019-01-09 11:37:19,569 - __main__ - INFO - end extracting
2019-01-09 11:37:19,974 - __main__ - INFO - start extracting data from file: ../data/82308-1547_results.tgz
2019-01-09 11:37:20,317 - __main__ - INFO - end extracting
2019-01-09 11:37:20,930 - __main__ - INFO - start extracting data from file: ../data/81116-3064_results.tgz
2019-01-09 11:37:27,036 - __main__ - INFO - end extracting
2019-01-09 11:37:27,380 - __main__ - INFO - start extracting data from file: ../data/81116-3081_results.tgz
2019-01-09 11:37:27,625 - __main__ - INFO - end extracting
2019-01-09 11:37:28,147 - __main__ - INFO - start extracting data from file: ../data/81116-300_results.tgz
2019-01-09 11:37:34,994 - __main__ - INFO - end extracting
2019-01-09 11:37:35,262 - __main__ - INFO - end extracting
2019-01-09 11:37:35,855 - __main__ - INFO - start extracting data from file: ../data/81116-3019_results.tgz
2019-01-09 11:37:36,690 - __main__ - INFO - start extracting data from file: ../data/81116-3099_results.tgz
2019-01-09 11:39:07,578 - __main__ - INFO - START THE PROGRAMM
2019-01-09 11:39:07,654 - __main__ - INFO - start extracting data from file: ../data/81116-301_results.tgz
2019-01-09 11:39:07,656 - __main__ - INFO - start extracting data from file: ../data/81116-302_results.tgz
2019-01-09 11:39:14,808 - __main__ - INFO - end extracting
2019-01-09 11:39:14,836 - __main__ - INFO - end extracting
2019-01-09 11:39:15,052 - __main__ - INFO - start extracting data from file: ../data/82754-5393_results.tgz
2019-01-09 11:39:15,053 - __main__ - INFO - start extracting data from file: ../data/81116-300_results.tgz
2019-01-09 11:39:22,120 - __main__ - INFO - end extracting
2019-01-09 11:39:22,218 - __main__ - INFO - end extracting
2019-01-09 11:39:22,243 - __main__ - INFO - start extracting data from file: ../data/81116-30_results.tgz
2019-01-09 11:39:25,578 - __main__ - INFO - end extracting
2019-01-09 11:39:25,658 - __main__ - INFO - END THE PROGRAMM
2019-01-09 11:40:23,569 - __main__ - INFO - START THE PROGRAMM
2019-01-09 11:40:23,633 - __main__ - INFO - start extracting data from file: ../data/81116-301_results.tgz
2019-01-09 11:40:26,741 - __main__ - INFO - end extracting
2019-01-09 11:40:26,845 - __main__ - INFO - start extracting data from file: ../data/82754-5393_results.tgz
2019-01-09 11:40:30,045 - __main__ - INFO - end extracting
2019-01-09 11:40:30,064 - __main__ - INFO - start extracting data from file: ../data/81116-302_results.tgz
2019-01-09 11:40:33,181 - __main__ - INFO - end extracting
2019-01-09 11:40:33,320 - __main__ - INFO - start extracting data from file: ../data/81116-300_results.tgz
2019-01-09 11:40:36,420 - __main__ - INFO - end extracting
2019-01-09 11:40:36,438 - __main__ - INFO - start extracting data from file: ../data/81116-30_results.tgz
2019-01-09 11:40:39,590 - __main__ - INFO - end extracting
2019-01-09 11:40:39,667 - __main__ - INFO - END THE PROGRAMM
